    OpenRGB v0.9
    Commit:  from 
    Launched: 20250618_150754
====================================================================================================

0     |Info:    Found file: standardica.orp attempting to validate header
0     |Info:    Valid v4 profile found for standardica
1001  |Info:    ------------------------------------------------------
1001  |Info:    |               Start device detection               |
1001  |Info:    ------------------------------------------------------
1002  |Info:    Initializing HID interfaces: Success
1004  |Info:    ------------------------------------------------------
1004  |Info:    |             Detecting I2C interfaces               |
1004  |Info:    ------------------------------------------------------
1005  |Info:    Registering I2C interface: /dev/i2c-3 Device 10DE:2786 Subsystem: 1458:416B
1005  |Info:    Registering I2C interface: /dev/i2c-1 Device 0000:0000 Subsystem: 0000:0000
1005  |Info:    Registering I2C interface: /dev/i2c-6 Device 10DE:2786 Subsystem: 1458:416B
1005  |Info:    Registering I2C interface: /dev/i2c-4 Device 10DE:2786 Subsystem: 1458:416B
1006  |Info:    Registering I2C interface: /dev/i2c-2 Device 10DE:2786 Subsystem: 1458:416B
1006  |Info:    Registering I2C interface: /dev/i2c-0 Device 0000:0000 Subsystem: 0000:0000
1006  |Info:    Registering I2C interface: /dev/i2c-7 Device 10DE:2786 Subsystem: 1458:416B
1006  |Info:    Registering I2C interface: /dev/i2c-5 Device 10DE:2786 Subsystem: 1458:416B
1006  |Info:    ------------------------------------------------------
1006  |Info:    |               Detecting I2C devices                |
1006  |Info:    ------------------------------------------------------
1019  |Info:    ------------------------------------------------------
1019  |Info:    |               Detecting I2C PCI devices            |
1019  |Info:    ------------------------------------------------------
1019  |Info:    ------------------------------------------------------
1019  |Info:    |               Detecting HID devices                |
1019  |Info:    ------------------------------------------------------
1193  |Info:    [B650 EAGLE] Registering RGB controller
1244  |Info:    [AMD Wraith Prism] Registering RGB controller
1244  |Info:    ------------------------------------------------------
1244  |Info:    |            Detecting libusb HID devices            |
1244  |Info:    ------------------------------------------------------
1244  |Info:    ------------------------------------------------------
1244  |Info:    |              Detecting other devices               |
1244  |Info:    ------------------------------------------------------
1247  |Info:    ------------------------------------------------------
1247  |Info:    |                Detection completed                 |
1247  |Info:    ------------------------------------------------------
1247  |Dialog:  <h2>WARNING:</h2><p>Multiple OpenRGB udev rules are installed.</p><p>The udev rules file 60-openrgb.rules is installed in both /etc/udev/rules.d and /usr/lib/udev/rules.d.</p><p>Multiple udev rules files can conflict, it is recommended to remove one of them.</p>
